<?xml version="1.0" encoding="UTF-8"?>
<testsuites name="cpf" time="12.388" tests="1" failures="0" errors="0">
   <testsuite name="cpf" tests="1" failures="0" errors="0" time="12.388" skipped="0" timestamp="2022-01-27 16:28:20" hostname="Administrator - 172.16.2.74" id="Test Suites/cpf">
      <properties>
         <property name="deviceName" value=""/>
         <property name="devicePlatform" value=""/>
         <property name="logFolder" value="C:\\Users\\Administrator\\git\\Site-SFA\\Reports\\20220127_162817\\cpf\\20220127_162817"/>
         <property name="logFiles" value="C:\\Users\\Administrator\\git\\Site-SFA\\Reports\\20220127_162817\\cpf\\20220127_162817\\execution0.log"/>
         <property name="attachments" value=""/>
         <property name="hostName" value="Administrator - 172.16.2.74"/>
         <property name="os" value="Windows 10 64bit"/>
         <property name="katalonVersion" value="8.2.5.208"/>
         <property name="browser" value="Chrome 97.0.4692.99"/>
         <property name="hostAddress" value="172.16.2.74"/>
         <property name="sessionId" value="88b33be843232411a9a34e78bc2f1f8b"/>
         <property name="seleniumVersion" value="3.141.59"/>
         <property name="proxyInformation" value="ProxyInformation { proxyOption=NO_PROXY, proxyServerType=HTTP, username=, password=********, proxyServerAddress=, proxyServerPort=0, executionList=&quot;&quot;, isApplyToDesiredCapabilities=true }"/>
         <property name="platform" value="Windows 10"/>
      </properties>
      <testcase name="Test Cases/TC26- Validacao cpf cliente" time="11.943" classname="Test Cases/TC26- Validacao cpf cliente" status="PASSED">
         <system-out><![CDATA[2022-01-27 16:28:20 - [TEST_CASE][PASSED] - Test Cases/TC26- Validacao cpf cliente: Test Cases/TC26- Validacao cpf cliente

2022-01-27 16:28:21 - [TEST_STEP][PASSED] - openBrowser(""): Browser is opened with url: ''

2022-01-27 16:28:21 - [MESSAGE][INFO] - Starting 'Chrome' driver

2022-01-27 16:28:21 - [MESSAGE][INFO] - Action delay is set to 0 milliseconds

2022-01-27 16:28:23 - [MESSAGE][PASSED] - Browser is opened with url: ''

2022-01-27 16:28:23 - [TEST_STEP][PASSED] - navigateToUrl("http://172.16.1.21:7802/pt/account/login?returnUrl=%2Fpedidos"): Navigate to 'http://172.16.1.21:7802/pt/account/login?returnUrl=%2Fpedidos' successfully

2022-01-27 16:28:24 - [MESSAGE][PASSED] - Navigate to 'http://172.16.1.21:7802/pt/account/login?returnUrl=%2Fpedidos' successfully

2022-01-27 16:28:24 - [TEST_STEP][PASSED] - setText(findTestObject("Page_Dataplace - SFA/Page_Dataplace - SFA/Page_Dataplace - SFA (1)/Page_Dataplace SFA/Page_Dataplace - SFA/input_Nome de usurio ou endereo de email_email"), "mayara.moraes@dataplace.com.br"): Text 'mayara.moraes@dataplace.com.br' is set on object 'Object Repository/Page_Dataplace - SFA/Page_Dataplace - SFA/Page_Dataplace - SFA (1)/Page_Dataplace SFA/Page_Dataplace - SFA/input_Nome de usurio ou endereo de email_email'

2022-01-27 16:28:25 - [MESSAGE][PASSED] - Text 'mayara.moraes@dataplace.com.br' is set on object 'Object Repository/Page_Dataplace - SFA/Page_Dataplace - SFA/Page_Dataplace - SFA (1)/Page_Dataplace SFA/Page_Dataplace - SFA/input_Nome de usurio ou endereo de email_email'

2022-01-27 16:28:25 - [TEST_STEP][PASSED] - setEncryptedText(findTestObject("Page_Dataplace - SFA/Page_Dataplace - SFA/Page_Dataplace - SFA (1)/Page_Dataplace SFA/Page_Dataplace - SFA/input_Senha_senha"), "jBu/h84nUum0DzfFUdyvAQ=="): Text ****** has been set on object 'Object Repository/Page_Dataplace - SFA/Page_Dataplace - SFA/Page_Dataplace - SFA (1)/Page_Dataplace SFA/Page_Dataplace - SFA/input_Senha_senha'

2022-01-27 16:28:26 - [MESSAGE][PASSED] - Text ****** has been set on object 'Object Repository/Page_Dataplace - SFA/Page_Dataplace - SFA/Page_Dataplace - SFA (1)/Page_Dataplace SFA/Page_Dataplace - SFA/input_Senha_senha'

2022-01-27 16:28:26 - [TEST_STEP][PASSED] - click(findTestObject("Page_Dataplace - SFA/Page_Dataplace - SFA/Page_Dataplace - SFA (1)/Page_Dataplace SFA/Page_Dataplace - SFA/div_Login")): Object: 'Object Repository/Page_Dataplace - SFA/Page_Dataplace - SFA/Page_Dataplace - SFA (1)/Page_Dataplace SFA/Page_Dataplace - SFA/div_Login' is clicked on

2022-01-27 16:28:26 - [MESSAGE][PASSED] - Object: 'Object Repository/Page_Dataplace - SFA/Page_Dataplace - SFA/Page_Dataplace - SFA (1)/Page_Dataplace SFA/Page_Dataplace - SFA/div_Login' is clicked on

2022-01-27 16:28:26 - [TEST_STEP][PASSED] - click(findTestObject("Page_Dataplace - SFA/Page_Dataplace - SFA/Page_Dataplace - SFA (1)/Page_Dataplace SFA/Page_Dataplace SFA/div_Clientes")): Object: 'Object Repository/Page_Dataplace - SFA/Page_Dataplace - SFA/Page_Dataplace - SFA (1)/Page_Dataplace SFA/Page_Dataplace SFA/div_Clientes' is clicked on

2022-01-27 16:28:27 - [MESSAGE][PASSED] - Object: 'Object Repository/Page_Dataplace - SFA/Page_Dataplace - SFA/Page_Dataplace - SFA (1)/Page_Dataplace SFA/Page_Dataplace SFA/div_Clientes' is clicked on

2022-01-27 16:28:27 - [TEST_STEP][PASSED] - click(findTestObject("Page_Dataplace - SFA/Page_Dataplace - SFA/Page_Dataplace - SFA (1)/Page_Dataplace SFA/Page_Dataplace SFA/button_Cadastrar cliente_btn btn-secondary btn-sm")): Object: 'Object Repository/Page_Dataplace - SFA/Page_Dataplace - SFA/Page_Dataplace - SFA (1)/Page_Dataplace SFA/Page_Dataplace SFA/button_Cadastrar cliente_btn btn-secondary btn-sm' is clicked on

2022-01-27 16:28:28 - [MESSAGE][PASSED] - Object: 'Object Repository/Page_Dataplace - SFA/Page_Dataplace - SFA/Page_Dataplace - SFA (1)/Page_Dataplace SFA/Page_Dataplace SFA/button_Cadastrar cliente_btn btn-secondary btn-sm' is clicked on

2022-01-27 16:28:28 - [TEST_STEP][PASSED] - click(findTestObject("Page_Dataplace - SFA/Page_Dataplace - SFA/Page_Dataplace - SFA (1)/Page_Dataplace SFA/Page_Dataplace SFA/a_Calebe e Jaqueline")): Object: 'Object Repository/Page_Dataplace - SFA/Page_Dataplace - SFA/Page_Dataplace - SFA (1)/Page_Dataplace SFA/Page_Dataplace SFA/a_Calebe e Jaqueline' is clicked on

2022-01-27 16:28:28 - [MESSAGE][PASSED] - Object: 'Object Repository/Page_Dataplace - SFA/Page_Dataplace - SFA/Page_Dataplace - SFA (1)/Page_Dataplace SFA/Page_Dataplace SFA/a_Calebe e Jaqueline' is clicked on

2022-01-27 16:28:28 - [TEST_STEP][PASSED] - click(findTestObject("Page_Dataplace - SFA/Page_Dataplace - SFA/Page_Dataplace - SFA (1)/Page_Dataplace SFA/Page_Dataplace SFA/div_Editar")): Object: 'Object Repository/Page_Dataplace - SFA/Page_Dataplace - SFA/Page_Dataplace - SFA (1)/Page_Dataplace SFA/Page_Dataplace SFA/div_Editar' is clicked on

2022-01-27 16:28:29 - [MESSAGE][PASSED] - Object: 'Object Repository/Page_Dataplace - SFA/Page_Dataplace - SFA/Page_Dataplace - SFA (1)/Page_Dataplace SFA/Page_Dataplace SFA/div_Editar' is clicked on

2022-01-27 16:28:29 - [TEST_STEP][PASSED] - selectOptionByValue(findTestObject("Page_Dataplace - SFA/Page_Dataplace - SFA/Page_Dataplace - SFA (1)/Page_Dataplace SFA/Page_Dataplace SFA/select_Fsica Jurdica"), "2", true): All options with value '2' are selected in object 'Object Repository/Page_Dataplace - SFA/Page_Dataplace - SFA/Page_Dataplace - SFA (1)/Page_Dataplace SFA/Page_Dataplace SFA/select_Fsica Jurdica'  using regular expression

2022-01-27 16:28:30 - [MESSAGE][PASSED] - All options with value '2' are selected in object 'Object Repository/Page_Dataplace - SFA/Page_Dataplace - SFA/Page_Dataplace - SFA (1)/Page_Dataplace SFA/Page_Dataplace SFA/select_Fsica Jurdica'  using regular expression

2022-01-27 16:28:30 - [TEST_STEP][PASSED] - click(findTestObject("Page_Dataplace - SFA/Page_Dataplace - SFA/Page_Dataplace - SFA (1)/Page_Dataplace SFA/Page_Dataplace SFA/div_SFA - Fora de Vendas  DP INFORMTICA LTD_a6a7a3")): Object: 'Object Repository/Page_Dataplace - SFA/Page_Dataplace - SFA/Page_Dataplace - SFA (1)/Page_Dataplace SFA/Page_Dataplace SFA/div_SFA - Fora de Vendas  DP INFORMTICA LTD_a6a7a3' is clicked on

2022-01-27 16:28:31 - [MESSAGE][PASSED] - Object: 'Object Repository/Page_Dataplace - SFA/Page_Dataplace - SFA/Page_Dataplace - SFA (1)/Page_Dataplace SFA/Page_Dataplace SFA/div_SFA - Fora de Vendas  DP INFORMTICA LTD_a6a7a3' is clicked on

2022-01-27 16:28:31 - [TEST_STEP][PASSED] - sleep(300): null

2022-01-27 16:28:31 - [TEST_STEP][PASSED] - if (setText(findTestObject("Page_Dataplace - SFA/Page_Dataplace - SFA/Page_Dataplace - SFA (1)/Page_Dataplace SFA/Page_Dataplace SFA/input_CPF_inscricaoFederal"), cpf) == true): Text '073.726.850-60' is set on object 'Object Repository/Page_Dataplace - SFA/Page_Dataplace - SFA/Page_Dataplace - SFA (1)/Page_Dataplace SFA/Page_Dataplace SFA/input_CPF_inscricaoFederal'

2022-01-27 16:28:32 - [MESSAGE][PASSED] - Text '073.726.850-60' is set on object 'Object Repository/Page_Dataplace - SFA/Page_Dataplace - SFA/Page_Dataplace - SFA (1)/Page_Dataplace SFA/Page_Dataplace SFA/input_CPF_inscricaoFederal'

2022-01-27 16:28:32 - [TEST_STEP][PASSED] - else: null

2022-01-27 16:28:32 - [TEST_STEP][PASSED] - click(findTestObject("Page_Dataplace - SFA/Page_Dataplace - SFA/Page_Dataplace SFA (1)/i_Salvar_fa fa-check my-float")): Object: 'Object Repository/Page_Dataplace - SFA/Page_Dataplace - SFA/Page_Dataplace SFA (1)/i_Salvar_fa fa-check my-float' is clicked on

2022-01-27 16:28:32 - [MESSAGE][PASSED] - Object: 'Object Repository/Page_Dataplace - SFA/Page_Dataplace - SFA/Page_Dataplace SFA (1)/i_Salvar_fa fa-check my-float' is clicked on

2022-01-27 16:28:32 - [TEST_STEP][PASSED] - out.println("cpf invÃ¡lido"): null]]></system-out>
         <system-err><![CDATA[]]></system-err>
      </testcase>
      <system-out><![CDATA[2022-01-27 16:28:20 - [TEST_SUITE][PASSED] - cpf: Test Cases/TC26- Validacao cpf cliente]]></system-out>
      <system-err><![CDATA[]]></system-err>
   </testsuite>
</testsuites>
