<?xml version="1.0" encoding="UTF-8"?>
<testsuites name="cpf" time="48.118" tests="3" failures="0" errors="0">
   <testsuite name="cpf" tests="3" failures="0" errors="0" time="48.118" skipped="0" timestamp="2022-01-25 14:35:20" hostname="Administrator - 172.16.2.74" id="Test Suites/cpf">
      <properties>
         <property name="deviceName" value=""/>
         <property name="devicePlatform" value=""/>
         <property name="logFolder" value="C:\\Users\\Administrator\\git\\Site-SFA\\Reports\\20220125_143516\\cpf\\20220125_143516"/>
         <property name="logFiles" value="C:\\Users\\Administrator\\git\\Site-SFA\\Reports\\20220125_143516\\cpf\\20220125_143516\\execution0.log"/>
         <property name="attachments" value=""/>
         <property name="hostName" value="Administrator - 172.16.2.74"/>
         <property name="os" value="Windows 10 64bit"/>
         <property name="katalonVersion" value="8.2.5.208"/>
         <property name="browser" value="Chrome 97.0.4692.71"/>
         <property name="hostAddress" value="172.16.2.74"/>
         <property name="sessionId" value="ff3148a0fd4597112a11dd765e16a07b"/>
         <property name="seleniumVersion" value="3.141.59"/>
         <property name="proxyInformation" value="ProxyInformation { proxyOption=NO_PROXY, proxyServerType=HTTP, username=, password=********, proxyServerAddress=, proxyServerPort=0, executionList=&quot;&quot;, isApplyToDesiredCapabilities=true }"/>
         <property name="platform" value="Windows 10"/>
      </properties>
      <testcase name="Test Cases/aa" time="16.646" classname="Test Cases/aa" status="PASSED">
         <system-out><![CDATA[2022-01-25 14:35:20 - [TEST_CASE][PASSED] - Test Cases/aa: Test Cases/aa

2022-01-25 14:35:21 - [TEST_STEP][PASSED] - openBrowser(""): Browser is opened with url: ''

2022-01-25 14:35:21 - [MESSAGE][INFO] - Starting 'Chrome' driver

2022-01-25 14:35:21 - [MESSAGE][INFO] - Action delay is set to 0 milliseconds

2022-01-25 14:35:23 - [MESSAGE][PASSED] - Browser is opened with url: ''

2022-01-25 14:35:23 - [TEST_STEP][PASSED] - navigateToUrl("http://172.16.1.21:7802/pt/account/login?returnUrl=%2Fpedidos"): Navigate to 'http://172.16.1.21:7802/pt/account/login?returnUrl=%2Fpedidos' successfully

2022-01-25 14:35:24 - [MESSAGE][PASSED] - Navigate to 'http://172.16.1.21:7802/pt/account/login?returnUrl=%2Fpedidos' successfully

2022-01-25 14:35:24 - [TEST_STEP][PASSED] - setText(findTestObject("Object Repository/Page_Dataplace - SFA/Page_Dataplace - SFA/Page_Dataplace - SFA/Page_Dataplace - SFA/Page_Dataplace SFA/Page_Dataplace - SFA/input_Nome de usurio ou endereo de email_email"), "mayara.moraes@dataplace.com.br"): Text 'mayara.moraes@dataplace.com.br' is set on object 'Object Repository/Page_Dataplace - SFA/Page_Dataplace - SFA/Page_Dataplace - SFA/Page_Dataplace - SFA/Page_Dataplace SFA/Page_Dataplace - SFA/input_Nome de usurio ou endereo de email_email'

2022-01-25 14:35:25 - [MESSAGE][PASSED] - Text 'mayara.moraes@dataplace.com.br' is set on object 'Object Repository/Page_Dataplace - SFA/Page_Dataplace - SFA/Page_Dataplace - SFA/Page_Dataplace - SFA/Page_Dataplace SFA/Page_Dataplace - SFA/input_Nome de usurio ou endereo de email_email'

2022-01-25 14:35:25 - [TEST_STEP][PASSED] - setEncryptedText(findTestObject("Object Repository/Page_Dataplace - SFA/Page_Dataplace - SFA/Page_Dataplace - SFA/Page_Dataplace - SFA/Page_Dataplace SFA/Page_Dataplace - SFA/input_Senha_senha"), "jBu/h84nUum0DzfFUdyvAQ=="): Text ****** has been set on object 'Object Repository/Page_Dataplace - SFA/Page_Dataplace - SFA/Page_Dataplace - SFA/Page_Dataplace - SFA/Page_Dataplace SFA/Page_Dataplace - SFA/input_Senha_senha'

2022-01-25 14:35:26 - [MESSAGE][PASSED] - Text ****** has been set on object 'Object Repository/Page_Dataplace - SFA/Page_Dataplace - SFA/Page_Dataplace - SFA/Page_Dataplace - SFA/Page_Dataplace SFA/Page_Dataplace - SFA/input_Senha_senha'

2022-01-25 14:35:26 - [TEST_STEP][PASSED] - click(findTestObject("Object Repository/Page_Dataplace - SFA/Page_Dataplace - SFA/Page_Dataplace - SFA/Page_Dataplace - SFA/Page_Dataplace SFA/Page_Dataplace - SFA/div_Login")): Object: 'Object Repository/Page_Dataplace - SFA/Page_Dataplace - SFA/Page_Dataplace - SFA/Page_Dataplace - SFA/Page_Dataplace SFA/Page_Dataplace - SFA/div_Login' is clicked on

2022-01-25 14:35:26 - [MESSAGE][PASSED] - Object: 'Object Repository/Page_Dataplace - SFA/Page_Dataplace - SFA/Page_Dataplace - SFA/Page_Dataplace - SFA/Page_Dataplace SFA/Page_Dataplace - SFA/div_Login' is clicked on

2022-01-25 14:35:26 - [TEST_STEP][PASSED] - click(findTestObject("Object Repository/Page_Dataplace - SFA/Page_Dataplace - SFA/Page_Dataplace - SFA/Page_Dataplace - SFA/Page_Dataplace SFA/Page_Dataplace SFA/div_Clientes")): Object: 'Object Repository/Page_Dataplace - SFA/Page_Dataplace - SFA/Page_Dataplace - SFA/Page_Dataplace - SFA/Page_Dataplace SFA/Page_Dataplace SFA/div_Clientes' is clicked on

2022-01-25 14:35:27 - [MESSAGE][PASSED] - Object: 'Object Repository/Page_Dataplace - SFA/Page_Dataplace - SFA/Page_Dataplace - SFA/Page_Dataplace - SFA/Page_Dataplace SFA/Page_Dataplace SFA/div_Clientes' is clicked on

2022-01-25 14:35:27 - [TEST_STEP][PASSED] - click(findTestObject("Object Repository/Page_Dataplace - SFA/Page_Dataplace - SFA/Page_Dataplace - SFA/Page_Dataplace - SFA/Page_Dataplace SFA/Page_Dataplace SFA/button_Cadastrar cliente_btn btn-secondary btn-sm")): Object: 'Object Repository/Page_Dataplace - SFA/Page_Dataplace - SFA/Page_Dataplace - SFA/Page_Dataplace - SFA/Page_Dataplace SFA/Page_Dataplace SFA/button_Cadastrar cliente_btn btn-secondary btn-sm' is clicked on

2022-01-25 14:35:28 - [MESSAGE][PASSED] - Object: 'Object Repository/Page_Dataplace - SFA/Page_Dataplace - SFA/Page_Dataplace - SFA/Page_Dataplace - SFA/Page_Dataplace SFA/Page_Dataplace SFA/button_Cadastrar cliente_btn btn-secondary btn-sm' is clicked on

2022-01-25 14:35:28 - [TEST_STEP][PASSED] - click(findTestObject("Object Repository/Page_Dataplace - SFA/Page_Dataplace - SFA/Page_Dataplace - SFA/Page_Dataplace - SFA/Page_Dataplace SFA/Page_Dataplace SFA/a_Calebe e Jaqueline")): Object: 'Object Repository/Page_Dataplace - SFA/Page_Dataplace - SFA/Page_Dataplace - SFA/Page_Dataplace - SFA/Page_Dataplace SFA/Page_Dataplace SFA/a_Calebe e Jaqueline' is clicked on

2022-01-25 14:35:28 - [MESSAGE][PASSED] - Object: 'Object Repository/Page_Dataplace - SFA/Page_Dataplace - SFA/Page_Dataplace - SFA/Page_Dataplace - SFA/Page_Dataplace SFA/Page_Dataplace SFA/a_Calebe e Jaqueline' is clicked on

2022-01-25 14:35:28 - [TEST_STEP][PASSED] - click(findTestObject("Object Repository/Page_Dataplace - SFA/Page_Dataplace - SFA/Page_Dataplace - SFA/Page_Dataplace - SFA/Page_Dataplace SFA/Page_Dataplace SFA/div_Editar")): Object: 'Object Repository/Page_Dataplace - SFA/Page_Dataplace - SFA/Page_Dataplace - SFA/Page_Dataplace - SFA/Page_Dataplace SFA/Page_Dataplace SFA/div_Editar' is clicked on

2022-01-25 14:35:29 - [MESSAGE][PASSED] - Object: 'Object Repository/Page_Dataplace - SFA/Page_Dataplace - SFA/Page_Dataplace - SFA/Page_Dataplace - SFA/Page_Dataplace SFA/Page_Dataplace SFA/div_Editar' is clicked on

2022-01-25 14:35:29 - [TEST_STEP][PASSED] - selectOptionByValue(findTestObject("Object Repository/Page_Dataplace - SFA/Page_Dataplace - SFA/Page_Dataplace - SFA/Page_Dataplace - SFA/Page_Dataplace SFA/Page_Dataplace SFA/select_Fsica Jurdica"), "2", true): All options with value '2' are selected in object 'Object Repository/Page_Dataplace - SFA/Page_Dataplace - SFA/Page_Dataplace - SFA/Page_Dataplace - SFA/Page_Dataplace SFA/Page_Dataplace SFA/select_Fsica Jurdica'  using regular expression

2022-01-25 14:35:30 - [MESSAGE][PASSED] - All options with value '2' are selected in object 'Object Repository/Page_Dataplace - SFA/Page_Dataplace - SFA/Page_Dataplace - SFA/Page_Dataplace - SFA/Page_Dataplace SFA/Page_Dataplace SFA/select_Fsica Jurdica'  using regular expression

2022-01-25 14:35:30 - [TEST_STEP][PASSED] - click(findTestObject("Object Repository/Page_Dataplace - SFA/Page_Dataplace - SFA/Page_Dataplace - SFA/Page_Dataplace - SFA/Page_Dataplace SFA/Page_Dataplace SFA/div_SFA - Fora de Vendas  DP INFORMTICA LTD_a6a7a3")): Object: 'Object Repository/Page_Dataplace - SFA/Page_Dataplace - SFA/Page_Dataplace - SFA/Page_Dataplace - SFA/Page_Dataplace SFA/Page_Dataplace SFA/div_SFA - Fora de Vendas  DP INFORMTICA LTD_a6a7a3' is clicked on

2022-01-25 14:35:30 - [MESSAGE][PASSED] - Object: 'Object Repository/Page_Dataplace - SFA/Page_Dataplace - SFA/Page_Dataplace - SFA/Page_Dataplace - SFA/Page_Dataplace SFA/Page_Dataplace SFA/div_SFA - Fora de Vendas  DP INFORMTICA LTD_a6a7a3' is clicked on

2022-01-25 14:35:30 - [TEST_STEP][PASSED] - sleep(5000): null

2022-01-25 14:35:35 - [TEST_STEP][PASSED] - if (setText(findTestObject("Object Repository/Page_Dataplace - SFA/Page_Dataplace - SFA/Page_Dataplace - SFA/Page_Dataplace - SFA/Page_Dataplace SFA/Page_Dataplace SFA/input_CPF_inscricaoFederal"), cpf) == false): Text '5445' is set on object 'Object Repository/Page_Dataplace - SFA/Page_Dataplace - SFA/Page_Dataplace - SFA/Page_Dataplace - SFA/Page_Dataplace SFA/Page_Dataplace SFA/input_CPF_inscricaoFederal'

2022-01-25 14:35:36 - [MESSAGE][PASSED] - Text '5445' is set on object 'Object Repository/Page_Dataplace - SFA/Page_Dataplace - SFA/Page_Dataplace - SFA/Page_Dataplace - SFA/Page_Dataplace SFA/Page_Dataplace SFA/input_CPF_inscricaoFederal'

2022-01-25 14:35:36 - [TEST_STEP][PASSED] - else: null

2022-01-25 14:35:36 - [TEST_STEP][PASSED] - click(findTestObject("Object Repository/Page_Dataplace - SFA/Page_Dataplace SFA/i_Salvar_fa fa-check my-float")): Object: 'Object Repository/Page_Dataplace - SFA/Page_Dataplace SFA/i_Salvar_fa fa-check my-float' is clicked on

2022-01-25 14:35:37 - [MESSAGE][PASSED] - Object: 'Object Repository/Page_Dataplace - SFA/Page_Dataplace SFA/i_Salvar_fa fa-check my-float' is clicked on

2022-01-25 14:35:37 - [TEST_STEP][PASSED] - out.println("cpf válido"): null]]></system-out>
         <system-err><![CDATA[]]></system-err>
      </testcase>
      <testcase name="Test Cases/aa" time="15.298" classname="Test Cases/aa" status="PASSED">
         <system-out><![CDATA[2022-01-25 14:35:37 - [TEST_CASE][PASSED] - Test Cases/aa: Test Cases/aa

2022-01-25 14:35:37 - [TEST_STEP][PASSED] - openBrowser(""): Browser is opened with url: ''

2022-01-25 14:35:37 - [MESSAGE][WARNING] - A browser is already opened. Closing browser and opening a new one

2022-01-25 14:35:38 - [MESSAGE][INFO] - Starting 'Chrome' driver

2022-01-25 14:35:38 - [MESSAGE][INFO] - Action delay is set to 0 milliseconds

2022-01-25 14:35:39 - [MESSAGE][PASSED] - Browser is opened with url: ''

2022-01-25 14:35:39 - [TEST_STEP][PASSED] - navigateToUrl("http://172.16.1.21:7802/pt/account/login?returnUrl=%2Fpedidos"): Navigate to 'http://172.16.1.21:7802/pt/account/login?returnUrl=%2Fpedidos' successfully

2022-01-25 14:35:40 - [MESSAGE][PASSED] - Navigate to 'http://172.16.1.21:7802/pt/account/login?returnUrl=%2Fpedidos' successfully

2022-01-25 14:35:40 - [TEST_STEP][PASSED] - setText(findTestObject("Object Repository/Page_Dataplace - SFA/Page_Dataplace - SFA/Page_Dataplace - SFA/Page_Dataplace - SFA/Page_Dataplace SFA/Page_Dataplace - SFA/input_Nome de usurio ou endereo de email_email"), "mayara.moraes@dataplace.com.br"): Text 'mayara.moraes@dataplace.com.br' is set on object 'Object Repository/Page_Dataplace - SFA/Page_Dataplace - SFA/Page_Dataplace - SFA/Page_Dataplace - SFA/Page_Dataplace SFA/Page_Dataplace - SFA/input_Nome de usurio ou endereo de email_email'

2022-01-25 14:35:41 - [MESSAGE][PASSED] - Text 'mayara.moraes@dataplace.com.br' is set on object 'Object Repository/Page_Dataplace - SFA/Page_Dataplace - SFA/Page_Dataplace - SFA/Page_Dataplace - SFA/Page_Dataplace SFA/Page_Dataplace - SFA/input_Nome de usurio ou endereo de email_email'

2022-01-25 14:35:41 - [TEST_STEP][PASSED] - setEncryptedText(findTestObject("Object Repository/Page_Dataplace - SFA/Page_Dataplace - SFA/Page_Dataplace - SFA/Page_Dataplace - SFA/Page_Dataplace SFA/Page_Dataplace - SFA/input_Senha_senha"), "jBu/h84nUum0DzfFUdyvAQ=="): Text ****** has been set on object 'Object Repository/Page_Dataplace - SFA/Page_Dataplace - SFA/Page_Dataplace - SFA/Page_Dataplace - SFA/Page_Dataplace SFA/Page_Dataplace - SFA/input_Senha_senha'

2022-01-25 14:35:41 - [MESSAGE][PASSED] - Text ****** has been set on object 'Object Repository/Page_Dataplace - SFA/Page_Dataplace - SFA/Page_Dataplace - SFA/Page_Dataplace - SFA/Page_Dataplace SFA/Page_Dataplace - SFA/input_Senha_senha'

2022-01-25 14:35:41 - [TEST_STEP][PASSED] - click(findTestObject("Object Repository/Page_Dataplace - SFA/Page_Dataplace - SFA/Page_Dataplace - SFA/Page_Dataplace - SFA/Page_Dataplace SFA/Page_Dataplace - SFA/div_Login")): Object: 'Object Repository/Page_Dataplace - SFA/Page_Dataplace - SFA/Page_Dataplace - SFA/Page_Dataplace - SFA/Page_Dataplace SFA/Page_Dataplace - SFA/div_Login' is clicked on

2022-01-25 14:35:41 - [MESSAGE][PASSED] - Object: 'Object Repository/Page_Dataplace - SFA/Page_Dataplace - SFA/Page_Dataplace - SFA/Page_Dataplace - SFA/Page_Dataplace SFA/Page_Dataplace - SFA/div_Login' is clicked on

2022-01-25 14:35:41 - [TEST_STEP][PASSED] - click(findTestObject("Object Repository/Page_Dataplace - SFA/Page_Dataplace - SFA/Page_Dataplace - SFA/Page_Dataplace - SFA/Page_Dataplace SFA/Page_Dataplace SFA/div_Clientes")): Object: 'Object Repository/Page_Dataplace - SFA/Page_Dataplace - SFA/Page_Dataplace - SFA/Page_Dataplace - SFA/Page_Dataplace SFA/Page_Dataplace SFA/div_Clientes' is clicked on

2022-01-25 14:35:42 - [MESSAGE][PASSED] - Object: 'Object Repository/Page_Dataplace - SFA/Page_Dataplace - SFA/Page_Dataplace - SFA/Page_Dataplace - SFA/Page_Dataplace SFA/Page_Dataplace SFA/div_Clientes' is clicked on

2022-01-25 14:35:42 - [TEST_STEP][PASSED] - click(findTestObject("Object Repository/Page_Dataplace - SFA/Page_Dataplace - SFA/Page_Dataplace - SFA/Page_Dataplace - SFA/Page_Dataplace SFA/Page_Dataplace SFA/button_Cadastrar cliente_btn btn-secondary btn-sm")): Object: 'Object Repository/Page_Dataplace - SFA/Page_Dataplace - SFA/Page_Dataplace - SFA/Page_Dataplace - SFA/Page_Dataplace SFA/Page_Dataplace SFA/button_Cadastrar cliente_btn btn-secondary btn-sm' is clicked on

2022-01-25 14:35:43 - [MESSAGE][PASSED] - Object: 'Object Repository/Page_Dataplace - SFA/Page_Dataplace - SFA/Page_Dataplace - SFA/Page_Dataplace - SFA/Page_Dataplace SFA/Page_Dataplace SFA/button_Cadastrar cliente_btn btn-secondary btn-sm' is clicked on

2022-01-25 14:35:43 - [TEST_STEP][PASSED] - click(findTestObject("Object Repository/Page_Dataplace - SFA/Page_Dataplace - SFA/Page_Dataplace - SFA/Page_Dataplace - SFA/Page_Dataplace SFA/Page_Dataplace SFA/a_Calebe e Jaqueline")): Object: 'Object Repository/Page_Dataplace - SFA/Page_Dataplace - SFA/Page_Dataplace - SFA/Page_Dataplace - SFA/Page_Dataplace SFA/Page_Dataplace SFA/a_Calebe e Jaqueline' is clicked on

2022-01-25 14:35:43 - [MESSAGE][PASSED] - Object: 'Object Repository/Page_Dataplace - SFA/Page_Dataplace - SFA/Page_Dataplace - SFA/Page_Dataplace - SFA/Page_Dataplace SFA/Page_Dataplace SFA/a_Calebe e Jaqueline' is clicked on

2022-01-25 14:35:43 - [TEST_STEP][PASSED] - click(findTestObject("Object Repository/Page_Dataplace - SFA/Page_Dataplace - SFA/Page_Dataplace - SFA/Page_Dataplace - SFA/Page_Dataplace SFA/Page_Dataplace SFA/div_Editar")): Object: 'Object Repository/Page_Dataplace - SFA/Page_Dataplace - SFA/Page_Dataplace - SFA/Page_Dataplace - SFA/Page_Dataplace SFA/Page_Dataplace SFA/div_Editar' is clicked on

2022-01-25 14:35:44 - [MESSAGE][PASSED] - Object: 'Object Repository/Page_Dataplace - SFA/Page_Dataplace - SFA/Page_Dataplace - SFA/Page_Dataplace - SFA/Page_Dataplace SFA/Page_Dataplace SFA/div_Editar' is clicked on

2022-01-25 14:35:44 - [TEST_STEP][PASSED] - selectOptionByValue(findTestObject("Object Repository/Page_Dataplace - SFA/Page_Dataplace - SFA/Page_Dataplace - SFA/Page_Dataplace - SFA/Page_Dataplace SFA/Page_Dataplace SFA/select_Fsica Jurdica"), "2", true): All options with value '2' are selected in object 'Object Repository/Page_Dataplace - SFA/Page_Dataplace - SFA/Page_Dataplace - SFA/Page_Dataplace - SFA/Page_Dataplace SFA/Page_Dataplace SFA/select_Fsica Jurdica'  using regular expression

2022-01-25 14:35:45 - [MESSAGE][PASSED] - All options with value '2' are selected in object 'Object Repository/Page_Dataplace - SFA/Page_Dataplace - SFA/Page_Dataplace - SFA/Page_Dataplace - SFA/Page_Dataplace SFA/Page_Dataplace SFA/select_Fsica Jurdica'  using regular expression

2022-01-25 14:35:45 - [TEST_STEP][PASSED] - click(findTestObject("Object Repository/Page_Dataplace - SFA/Page_Dataplace - SFA/Page_Dataplace - SFA/Page_Dataplace - SFA/Page_Dataplace SFA/Page_Dataplace SFA/div_SFA - Fora de Vendas  DP INFORMTICA LTD_a6a7a3")): Object: 'Object Repository/Page_Dataplace - SFA/Page_Dataplace - SFA/Page_Dataplace - SFA/Page_Dataplace - SFA/Page_Dataplace SFA/Page_Dataplace SFA/div_SFA - Fora de Vendas  DP INFORMTICA LTD_a6a7a3' is clicked on

2022-01-25 14:35:46 - [MESSAGE][PASSED] - Object: 'Object Repository/Page_Dataplace - SFA/Page_Dataplace - SFA/Page_Dataplace - SFA/Page_Dataplace - SFA/Page_Dataplace SFA/Page_Dataplace SFA/div_SFA - Fora de Vendas  DP INFORMTICA LTD_a6a7a3' is clicked on

2022-01-25 14:35:46 - [TEST_STEP][PASSED] - sleep(5000): null

2022-01-25 14:35:51 - [TEST_STEP][PASSED] - if (setText(findTestObject("Object Repository/Page_Dataplace - SFA/Page_Dataplace - SFA/Page_Dataplace - SFA/Page_Dataplace - SFA/Page_Dataplace SFA/Page_Dataplace SFA/input_CPF_inscricaoFederal"), cpf) == false): Text '195.051.870-17' is set on object 'Object Repository/Page_Dataplace - SFA/Page_Dataplace - SFA/Page_Dataplace - SFA/Page_Dataplace - SFA/Page_Dataplace SFA/Page_Dataplace SFA/input_CPF_inscricaoFederal'

2022-01-25 14:35:52 - [MESSAGE][PASSED] - Text '195.051.870-17' is set on object 'Object Repository/Page_Dataplace - SFA/Page_Dataplace - SFA/Page_Dataplace - SFA/Page_Dataplace - SFA/Page_Dataplace SFA/Page_Dataplace SFA/input_CPF_inscricaoFederal'

2022-01-25 14:35:52 - [TEST_STEP][PASSED] - else: null

2022-01-25 14:35:52 - [TEST_STEP][PASSED] - click(findTestObject("Object Repository/Page_Dataplace - SFA/Page_Dataplace SFA/i_Salvar_fa fa-check my-float")): Object: 'Object Repository/Page_Dataplace - SFA/Page_Dataplace SFA/i_Salvar_fa fa-check my-float' is clicked on

2022-01-25 14:35:52 - [MESSAGE][PASSED] - Object: 'Object Repository/Page_Dataplace - SFA/Page_Dataplace SFA/i_Salvar_fa fa-check my-float' is clicked on

2022-01-25 14:35:52 - [TEST_STEP][PASSED] - out.println("cpf válido"): null]]></system-out>
         <system-err><![CDATA[]]></system-err>
      </testcase>
      <testcase name="Test Cases/aa" time="15.688" classname="Test Cases/aa" status="PASSED">
         <system-out><![CDATA[2022-01-25 14:35:52 - [TEST_CASE][PASSED] - Test Cases/aa: Test Cases/aa

2022-01-25 14:35:52 - [TEST_STEP][PASSED] - openBrowser(""): Browser is opened with url: ''

2022-01-25 14:35:52 - [MESSAGE][WARNING] - A browser is already opened. Closing browser and opening a new one

2022-01-25 14:35:53 - [MESSAGE][INFO] - Starting 'Chrome' driver

2022-01-25 14:35:53 - [MESSAGE][INFO] - Action delay is set to 0 milliseconds

2022-01-25 14:35:54 - [MESSAGE][PASSED] - Browser is opened with url: ''

2022-01-25 14:35:54 - [TEST_STEP][PASSED] - navigateToUrl("http://172.16.1.21:7802/pt/account/login?returnUrl=%2Fpedidos"): Navigate to 'http://172.16.1.21:7802/pt/account/login?returnUrl=%2Fpedidos' successfully

2022-01-25 14:35:55 - [MESSAGE][PASSED] - Navigate to 'http://172.16.1.21:7802/pt/account/login?returnUrl=%2Fpedidos' successfully

2022-01-25 14:35:55 - [TEST_STEP][PASSED] - setText(findTestObject("Object Repository/Page_Dataplace - SFA/Page_Dataplace - SFA/Page_Dataplace - SFA/Page_Dataplace - SFA/Page_Dataplace SFA/Page_Dataplace - SFA/input_Nome de usurio ou endereo de email_email"), "mayara.moraes@dataplace.com.br"): Text 'mayara.moraes@dataplace.com.br' is set on object 'Object Repository/Page_Dataplace - SFA/Page_Dataplace - SFA/Page_Dataplace - SFA/Page_Dataplace - SFA/Page_Dataplace SFA/Page_Dataplace - SFA/input_Nome de usurio ou endereo de email_email'

2022-01-25 14:35:56 - [MESSAGE][PASSED] - Text 'mayara.moraes@dataplace.com.br' is set on object 'Object Repository/Page_Dataplace - SFA/Page_Dataplace - SFA/Page_Dataplace - SFA/Page_Dataplace - SFA/Page_Dataplace SFA/Page_Dataplace - SFA/input_Nome de usurio ou endereo de email_email'

2022-01-25 14:35:56 - [TEST_STEP][PASSED] - setEncryptedText(findTestObject("Object Repository/Page_Dataplace - SFA/Page_Dataplace - SFA/Page_Dataplace - SFA/Page_Dataplace - SFA/Page_Dataplace SFA/Page_Dataplace - SFA/input_Senha_senha"), "jBu/h84nUum0DzfFUdyvAQ=="): Text ****** has been set on object 'Object Repository/Page_Dataplace - SFA/Page_Dataplace - SFA/Page_Dataplace - SFA/Page_Dataplace - SFA/Page_Dataplace SFA/Page_Dataplace - SFA/input_Senha_senha'

2022-01-25 14:35:56 - [MESSAGE][PASSED] - Text ****** has been set on object 'Object Repository/Page_Dataplace - SFA/Page_Dataplace - SFA/Page_Dataplace - SFA/Page_Dataplace - SFA/Page_Dataplace SFA/Page_Dataplace - SFA/input_Senha_senha'

2022-01-25 14:35:56 - [TEST_STEP][PASSED] - click(findTestObject("Object Repository/Page_Dataplace - SFA/Page_Dataplace - SFA/Page_Dataplace - SFA/Page_Dataplace - SFA/Page_Dataplace SFA/Page_Dataplace - SFA/div_Login")): Object: 'Object Repository/Page_Dataplace - SFA/Page_Dataplace - SFA/Page_Dataplace - SFA/Page_Dataplace - SFA/Page_Dataplace SFA/Page_Dataplace - SFA/div_Login' is clicked on

2022-01-25 14:35:57 - [MESSAGE][PASSED] - Object: 'Object Repository/Page_Dataplace - SFA/Page_Dataplace - SFA/Page_Dataplace - SFA/Page_Dataplace - SFA/Page_Dataplace SFA/Page_Dataplace - SFA/div_Login' is clicked on

2022-01-25 14:35:57 - [TEST_STEP][PASSED] - click(findTestObject("Object Repository/Page_Dataplace - SFA/Page_Dataplace - SFA/Page_Dataplace - SFA/Page_Dataplace - SFA/Page_Dataplace SFA/Page_Dataplace SFA/div_Clientes")): Object: 'Object Repository/Page_Dataplace - SFA/Page_Dataplace - SFA/Page_Dataplace - SFA/Page_Dataplace - SFA/Page_Dataplace SFA/Page_Dataplace SFA/div_Clientes' is clicked on

2022-01-25 14:35:58 - [MESSAGE][PASSED] - Object: 'Object Repository/Page_Dataplace - SFA/Page_Dataplace - SFA/Page_Dataplace - SFA/Page_Dataplace - SFA/Page_Dataplace SFA/Page_Dataplace SFA/div_Clientes' is clicked on

2022-01-25 14:35:58 - [TEST_STEP][PASSED] - click(findTestObject("Object Repository/Page_Dataplace - SFA/Page_Dataplace - SFA/Page_Dataplace - SFA/Page_Dataplace - SFA/Page_Dataplace SFA/Page_Dataplace SFA/button_Cadastrar cliente_btn btn-secondary btn-sm")): Object: 'Object Repository/Page_Dataplace - SFA/Page_Dataplace - SFA/Page_Dataplace - SFA/Page_Dataplace - SFA/Page_Dataplace SFA/Page_Dataplace SFA/button_Cadastrar cliente_btn btn-secondary btn-sm' is clicked on

2022-01-25 14:35:58 - [MESSAGE][PASSED] - Object: 'Object Repository/Page_Dataplace - SFA/Page_Dataplace - SFA/Page_Dataplace - SFA/Page_Dataplace - SFA/Page_Dataplace SFA/Page_Dataplace SFA/button_Cadastrar cliente_btn btn-secondary btn-sm' is clicked on

2022-01-25 14:35:58 - [TEST_STEP][PASSED] - click(findTestObject("Object Repository/Page_Dataplace - SFA/Page_Dataplace - SFA/Page_Dataplace - SFA/Page_Dataplace - SFA/Page_Dataplace SFA/Page_Dataplace SFA/a_Calebe e Jaqueline")): Object: 'Object Repository/Page_Dataplace - SFA/Page_Dataplace - SFA/Page_Dataplace - SFA/Page_Dataplace - SFA/Page_Dataplace SFA/Page_Dataplace SFA/a_Calebe e Jaqueline' is clicked on

2022-01-25 14:35:59 - [MESSAGE][PASSED] - Object: 'Object Repository/Page_Dataplace - SFA/Page_Dataplace - SFA/Page_Dataplace - SFA/Page_Dataplace - SFA/Page_Dataplace SFA/Page_Dataplace SFA/a_Calebe e Jaqueline' is clicked on

2022-01-25 14:35:59 - [TEST_STEP][PASSED] - click(findTestObject("Object Repository/Page_Dataplace - SFA/Page_Dataplace - SFA/Page_Dataplace - SFA/Page_Dataplace - SFA/Page_Dataplace SFA/Page_Dataplace SFA/div_Editar")): Object: 'Object Repository/Page_Dataplace - SFA/Page_Dataplace - SFA/Page_Dataplace - SFA/Page_Dataplace - SFA/Page_Dataplace SFA/Page_Dataplace SFA/div_Editar' is clicked on

2022-01-25 14:36:00 - [MESSAGE][PASSED] - Object: 'Object Repository/Page_Dataplace - SFA/Page_Dataplace - SFA/Page_Dataplace - SFA/Page_Dataplace - SFA/Page_Dataplace SFA/Page_Dataplace SFA/div_Editar' is clicked on

2022-01-25 14:36:00 - [TEST_STEP][PASSED] - selectOptionByValue(findTestObject("Object Repository/Page_Dataplace - SFA/Page_Dataplace - SFA/Page_Dataplace - SFA/Page_Dataplace - SFA/Page_Dataplace SFA/Page_Dataplace SFA/select_Fsica Jurdica"), "2", true): All options with value '2' are selected in object 'Object Repository/Page_Dataplace - SFA/Page_Dataplace - SFA/Page_Dataplace - SFA/Page_Dataplace - SFA/Page_Dataplace SFA/Page_Dataplace SFA/select_Fsica Jurdica'  using regular expression

2022-01-25 14:36:01 - [MESSAGE][PASSED] - All options with value '2' are selected in object 'Object Repository/Page_Dataplace - SFA/Page_Dataplace - SFA/Page_Dataplace - SFA/Page_Dataplace - SFA/Page_Dataplace SFA/Page_Dataplace SFA/select_Fsica Jurdica'  using regular expression

2022-01-25 14:36:01 - [TEST_STEP][PASSED] - click(findTestObject("Object Repository/Page_Dataplace - SFA/Page_Dataplace - SFA/Page_Dataplace - SFA/Page_Dataplace - SFA/Page_Dataplace SFA/Page_Dataplace SFA/div_SFA - Fora de Vendas  DP INFORMTICA LTD_a6a7a3")): Object: 'Object Repository/Page_Dataplace - SFA/Page_Dataplace - SFA/Page_Dataplace - SFA/Page_Dataplace - SFA/Page_Dataplace SFA/Page_Dataplace SFA/div_SFA - Fora de Vendas  DP INFORMTICA LTD_a6a7a3' is clicked on

2022-01-25 14:36:01 - [MESSAGE][PASSED] - Object: 'Object Repository/Page_Dataplace - SFA/Page_Dataplace - SFA/Page_Dataplace - SFA/Page_Dataplace - SFA/Page_Dataplace SFA/Page_Dataplace SFA/div_SFA - Fora de Vendas  DP INFORMTICA LTD_a6a7a3' is clicked on

2022-01-25 14:36:01 - [TEST_STEP][PASSED] - sleep(5000): null

2022-01-25 14:36:06 - [TEST_STEP][PASSED] - if (setText(findTestObject("Object Repository/Page_Dataplace - SFA/Page_Dataplace - SFA/Page_Dataplace - SFA/Page_Dataplace - SFA/Page_Dataplace SFA/Page_Dataplace SFA/input_CPF_inscricaoFederal"), cpf) == false): Text '780.944.700-97' is set on object 'Object Repository/Page_Dataplace - SFA/Page_Dataplace - SFA/Page_Dataplace - SFA/Page_Dataplace - SFA/Page_Dataplace SFA/Page_Dataplace SFA/input_CPF_inscricaoFederal'

2022-01-25 14:36:07 - [MESSAGE][PASSED] - Text '780.944.700-97' is set on object 'Object Repository/Page_Dataplace - SFA/Page_Dataplace - SFA/Page_Dataplace - SFA/Page_Dataplace - SFA/Page_Dataplace SFA/Page_Dataplace SFA/input_CPF_inscricaoFederal'

2022-01-25 14:36:07 - [TEST_STEP][PASSED] - else: null

2022-01-25 14:36:07 - [TEST_STEP][PASSED] - click(findTestObject("Object Repository/Page_Dataplace - SFA/Page_Dataplace SFA/i_Salvar_fa fa-check my-float")): Object: 'Object Repository/Page_Dataplace - SFA/Page_Dataplace SFA/i_Salvar_fa fa-check my-float' is clicked on

2022-01-25 14:36:08 - [MESSAGE][PASSED] - Object: 'Object Repository/Page_Dataplace - SFA/Page_Dataplace SFA/i_Salvar_fa fa-check my-float' is clicked on

2022-01-25 14:36:08 - [TEST_STEP][PASSED] - out.println("cpf válido"): null]]></system-out>
         <system-err><![CDATA[]]></system-err>
      </testcase>
      <system-out><![CDATA[2022-01-25 14:35:20 - [TEST_SUITE][PASSED] - cpf: Test Cases/aa]]></system-out>
      <system-err><![CDATA[]]></system-err>
   </testsuite>
</testsuites>
