<?xml version="1.0" encoding="UTF-8"?>
<testsuites name="cpf" time="17.384" tests="1" failures="0" errors="0">
   <testsuite name="cpf" tests="1" failures="0" errors="0" time="17.384" skipped="0" timestamp="2022-01-27 17:00:30" hostname="Administrator - 172.16.2.74" id="Test Suites/cpf">
      <properties>
         <property name="deviceName" value=""/>
         <property name="devicePlatform" value=""/>
         <property name="logFolder" value="C:\\Users\\Administrator\\git\\Site-SFA\\Reports\\20220127_170027\\cpf\\20220127_170027"/>
         <property name="logFiles" value="C:\\Users\\Administrator\\git\\Site-SFA\\Reports\\20220127_170027\\cpf\\20220127_170027\\execution0.log"/>
         <property name="attachments" value=""/>
         <property name="hostName" value="Administrator - 172.16.2.74"/>
         <property name="os" value="Windows 10 64bit"/>
         <property name="katalonVersion" value="8.2.5.208"/>
         <property name="browser" value="Chrome 97.0.4692.99"/>
         <property name="hostAddress" value="172.16.2.74"/>
         <property name="sessionId" value="da5a87dba3a15f6c9db991d80d498767"/>
         <property name="seleniumVersion" value="3.141.59"/>
         <property name="proxyInformation" value="ProxyInformation { proxyOption=NO_PROXY, proxyServerType=HTTP, username=, password=********, proxyServerAddress=, proxyServerPort=0, executionList=&quot;&quot;, isApplyToDesiredCapabilities=true }"/>
         <property name="platform" value="Windows 10"/>
      </properties>
      <testcase name="Test Cases/TC26- Validacao cpf cliente" time="16.889" classname="Test Cases/TC26- Validacao cpf cliente" status="PASSED">
         <system-out><![CDATA[2022-01-27 17:00:31 - [TEST_CASE][PASSED] - Test Cases/TC26- Validacao cpf cliente: Test Cases/TC26- Validacao cpf cliente

2022-01-27 17:00:31 - [TEST_STEP][PASSED] - openBrowser(""): Browser is opened with url: ''

2022-01-27 17:00:31 - [MESSAGE][INFO] - Starting 'Chrome' driver

2022-01-27 17:00:32 - [MESSAGE][INFO] - Action delay is set to 0 milliseconds

2022-01-27 17:00:34 - [MESSAGE][PASSED] - Browser is opened with url: ''

2022-01-27 17:00:34 - [TEST_STEP][PASSED] - navigateToUrl("http://172.16.1.21:7802/pt/account/login?returnUrl=%2Fpedidos"): Navigate to 'http://172.16.1.21:7802/pt/account/login?returnUrl=%2Fpedidos' successfully

2022-01-27 17:00:34 - [MESSAGE][PASSED] - Navigate to 'http://172.16.1.21:7802/pt/account/login?returnUrl=%2Fpedidos' successfully

2022-01-27 17:00:34 - [TEST_STEP][PASSED] - setText(findTestObject("Object Repository/Page_Dataplace - SFA/Page_Dataplace - SFA/Page_Dataplace - SFA/Page_Dataplace SFA/Page_Dataplace - SFA/Page_Dataplace SFA/Page_Dataplace - SFA/input_Nome de usurio ou endereo de email_email"), "mayara.moraes@dataplace.com.br"): Text 'mayara.moraes@dataplace.com.br' is set on object 'Object Repository/Page_Dataplace - SFA/Page_Dataplace - SFA/Page_Dataplace - SFA/Page_Dataplace SFA/Page_Dataplace - SFA/Page_Dataplace SFA/Page_Dataplace - SFA/input_Nome de usurio ou endereo de email_email'

2022-01-27 17:00:35 - [MESSAGE][PASSED] - Text 'mayara.moraes@dataplace.com.br' is set on object 'Object Repository/Page_Dataplace - SFA/Page_Dataplace - SFA/Page_Dataplace - SFA/Page_Dataplace SFA/Page_Dataplace - SFA/Page_Dataplace SFA/Page_Dataplace - SFA/input_Nome de usurio ou endereo de email_email'

2022-01-27 17:00:35 - [TEST_STEP][PASSED] - setEncryptedText(findTestObject("Object Repository/Page_Dataplace - SFA/Page_Dataplace - SFA/Page_Dataplace - SFA/Page_Dataplace SFA/Page_Dataplace - SFA/Page_Dataplace SFA/Page_Dataplace - SFA/input_Senha_senha"), "jBu/h84nUum0DzfFUdyvAQ=="): Text ****** has been set on object 'Object Repository/Page_Dataplace - SFA/Page_Dataplace - SFA/Page_Dataplace - SFA/Page_Dataplace SFA/Page_Dataplace - SFA/Page_Dataplace SFA/Page_Dataplace - SFA/input_Senha_senha'

2022-01-27 17:00:36 - [MESSAGE][PASSED] - Text ****** has been set on object 'Object Repository/Page_Dataplace - SFA/Page_Dataplace - SFA/Page_Dataplace - SFA/Page_Dataplace SFA/Page_Dataplace - SFA/Page_Dataplace SFA/Page_Dataplace - SFA/input_Senha_senha'

2022-01-27 17:00:36 - [TEST_STEP][PASSED] - click(findTestObject("Object Repository/Page_Dataplace - SFA/Page_Dataplace - SFA/Page_Dataplace - SFA/Page_Dataplace SFA/Page_Dataplace - SFA/Page_Dataplace SFA/Page_Dataplace - SFA/button_Login")): Object: 'Object Repository/Page_Dataplace - SFA/Page_Dataplace - SFA/Page_Dataplace - SFA/Page_Dataplace SFA/Page_Dataplace - SFA/Page_Dataplace SFA/Page_Dataplace - SFA/button_Login' is clicked on

2022-01-27 17:00:37 - [MESSAGE][PASSED] - Object: 'Object Repository/Page_Dataplace - SFA/Page_Dataplace - SFA/Page_Dataplace - SFA/Page_Dataplace SFA/Page_Dataplace - SFA/Page_Dataplace SFA/Page_Dataplace - SFA/button_Login' is clicked on

2022-01-27 17:00:37 - [TEST_STEP][PASSED] - click(findTestObject("Object Repository/Page_Dataplace - SFA/Page_Dataplace - SFA/Page_Dataplace - SFA/Page_Dataplace SFA/Page_Dataplace - SFA/Page_Dataplace SFA/Page_Dataplace SFA/div_Clientes")): Object: 'Object Repository/Page_Dataplace - SFA/Page_Dataplace - SFA/Page_Dataplace - SFA/Page_Dataplace SFA/Page_Dataplace - SFA/Page_Dataplace SFA/Page_Dataplace SFA/div_Clientes' is clicked on

2022-01-27 17:00:37 - [MESSAGE][PASSED] - Object: 'Object Repository/Page_Dataplace - SFA/Page_Dataplace - SFA/Page_Dataplace - SFA/Page_Dataplace SFA/Page_Dataplace - SFA/Page_Dataplace SFA/Page_Dataplace SFA/div_Clientes' is clicked on

2022-01-27 17:00:37 - [TEST_STEP][PASSED] - click(findTestObject("Object Repository/Page_Dataplace - SFA/Page_Dataplace - SFA/Page_Dataplace - SFA/Page_Dataplace SFA/Page_Dataplace - SFA/Page_Dataplace SFA/Page_Dataplace SFA/button_Cadastrar cliente_btn btn-secondary btn-sm")): Object: 'Object Repository/Page_Dataplace - SFA/Page_Dataplace - SFA/Page_Dataplace - SFA/Page_Dataplace SFA/Page_Dataplace - SFA/Page_Dataplace SFA/Page_Dataplace SFA/button_Cadastrar cliente_btn btn-secondary btn-sm' is clicked on

2022-01-27 17:00:38 - [MESSAGE][PASSED] - Object: 'Object Repository/Page_Dataplace - SFA/Page_Dataplace - SFA/Page_Dataplace - SFA/Page_Dataplace SFA/Page_Dataplace - SFA/Page_Dataplace SFA/Page_Dataplace SFA/button_Cadastrar cliente_btn btn-secondary btn-sm' is clicked on

2022-01-27 17:00:38 - [TEST_STEP][PASSED] - click(findTestObject("Object Repository/Page_Dataplace - SFA/Page_Dataplace - SFA/Page_Dataplace - SFA/Page_Dataplace SFA/Page_Dataplace - SFA/Page_Dataplace SFA/Page_Dataplace SFA/a_Andreia e Hadassa Locaes de Automveis Ltda")): Object: 'Object Repository/Page_Dataplace - SFA/Page_Dataplace - SFA/Page_Dataplace - SFA/Page_Dataplace SFA/Page_Dataplace - SFA/Page_Dataplace SFA/Page_Dataplace SFA/a_Andreia e Hadassa Locaes de Automveis Ltda' is clicked on

2022-01-27 17:00:41 - [MESSAGE][PASSED] - Object: 'Object Repository/Page_Dataplace - SFA/Page_Dataplace - SFA/Page_Dataplace - SFA/Page_Dataplace SFA/Page_Dataplace - SFA/Page_Dataplace SFA/Page_Dataplace SFA/a_Andreia e Hadassa Locaes de Automveis Ltda' is clicked on

2022-01-27 17:00:41 - [TEST_STEP][PASSED] - click(findTestObject("Object Repository/Page_Dataplace - SFA/Page_Dataplace - SFA/Page_Dataplace - SFA/Page_Dataplace SFA/Page_Dataplace - SFA/Page_Dataplace SFA/Page_Dataplace SFA/div_Editar")): Object: 'Object Repository/Page_Dataplace - SFA/Page_Dataplace - SFA/Page_Dataplace - SFA/Page_Dataplace SFA/Page_Dataplace - SFA/Page_Dataplace SFA/Page_Dataplace SFA/div_Editar' is clicked on

2022-01-27 17:00:43 - [MESSAGE][PASSED] - Object: 'Object Repository/Page_Dataplace - SFA/Page_Dataplace - SFA/Page_Dataplace - SFA/Page_Dataplace SFA/Page_Dataplace - SFA/Page_Dataplace SFA/Page_Dataplace SFA/div_Editar' is clicked on

2022-01-27 17:00:43 - [TEST_STEP][PASSED] - selectOptionByValue(findTestObject("Object Repository/Page_Dataplace - SFA/Page_Dataplace - SFA/Page_Dataplace - SFA/Page_Dataplace SFA/Page_Dataplace - SFA/Page_Dataplace SFA/Page_Dataplace SFA/select_Fsica Jurdica"), "2", true): All options with value '2' are selected in object 'Object Repository/Page_Dataplace - SFA/Page_Dataplace - SFA/Page_Dataplace - SFA/Page_Dataplace SFA/Page_Dataplace - SFA/Page_Dataplace SFA/Page_Dataplace SFA/select_Fsica Jurdica'  using regular expression

2022-01-27 17:00:44 - [MESSAGE][PASSED] - All options with value '2' are selected in object 'Object Repository/Page_Dataplace - SFA/Page_Dataplace - SFA/Page_Dataplace - SFA/Page_Dataplace SFA/Page_Dataplace - SFA/Page_Dataplace SFA/Page_Dataplace SFA/select_Fsica Jurdica'  using regular expression

2022-01-27 17:00:44 - [TEST_STEP][PASSED] - click(findTestObject("Object Repository/Page_Dataplace - SFA/Page_Dataplace - SFA/Page_Dataplace - SFA/Page_Dataplace SFA/Page_Dataplace - SFA/Page_Dataplace SFA/Page_Dataplace SFA/div_SFA - Fora de Vendas  DP INFORMTICA LTD_a6a7a3")): Object: 'Object Repository/Page_Dataplace - SFA/Page_Dataplace - SFA/Page_Dataplace - SFA/Page_Dataplace SFA/Page_Dataplace - SFA/Page_Dataplace SFA/Page_Dataplace SFA/div_SFA - Fora de Vendas  DP INFORMTICA LTD_a6a7a3' is clicked on

2022-01-27 17:00:44 - [MESSAGE][PASSED] - Object: 'Object Repository/Page_Dataplace - SFA/Page_Dataplace - SFA/Page_Dataplace - SFA/Page_Dataplace SFA/Page_Dataplace - SFA/Page_Dataplace SFA/Page_Dataplace SFA/div_SFA - Fora de Vendas  DP INFORMTICA LTD_a6a7a3' is clicked on

2022-01-27 17:00:44 - [TEST_STEP][PASSED] - setText(findTestObject("Object Repository/Page_Dataplace - SFA/Page_Dataplace - SFA/Page_Dataplace - SFA/Page_Dataplace SFA/Page_Dataplace - SFA/Page_Dataplace SFA/Page_Dataplace SFA/input_CPF_inscricaoFederal"), cpf): Text '111' is set on object 'Object Repository/Page_Dataplace - SFA/Page_Dataplace - SFA/Page_Dataplace - SFA/Page_Dataplace SFA/Page_Dataplace - SFA/Page_Dataplace SFA/Page_Dataplace SFA/input_CPF_inscricaoFederal'

2022-01-27 17:00:45 - [MESSAGE][PASSED] - Text '111' is set on object 'Object Repository/Page_Dataplace - SFA/Page_Dataplace - SFA/Page_Dataplace - SFA/Page_Dataplace SFA/Page_Dataplace - SFA/Page_Dataplace SFA/Page_Dataplace SFA/input_CPF_inscricaoFederal'

2022-01-27 17:00:45 - [TEST_STEP][PASSED] - sleep(300): null

2022-01-27 17:00:45 - [TEST_STEP][PASSED] - if (setText(findTestObject("Object Repository/Page_Dataplace - SFA/Page_Dataplace - SFA/Page_Dataplace - SFA/Page_Dataplace SFA/Page_Dataplace - SFA/Page_Dataplace SFA/Page_Dataplace SFA/input_CPF_inscricaoFederal"), cpf) != false): null

2022-01-27 17:00:46 - [MESSAGE][PASSED] - Text '111' is set on object 'Object Repository/Page_Dataplace - SFA/Page_Dataplace - SFA/Page_Dataplace - SFA/Page_Dataplace SFA/Page_Dataplace - SFA/Page_Dataplace SFA/Page_Dataplace SFA/input_CPF_inscricaoFederal'

2022-01-27 17:00:46 - [TEST_STEP][PASSED] - click(findTestObject("Object Repository/Page_Dataplace - SFA/Page_Dataplace - SFA/Page_Dataplace - SFA/Page_Dataplace SFA/Page_Dataplace - SFA/Page_Dataplace SFA/Page_Dataplace SFA/i_Salvar_fa fa-check my-float")): Object: 'Object Repository/Page_Dataplace - SFA/Page_Dataplace - SFA/Page_Dataplace - SFA/Page_Dataplace SFA/Page_Dataplace - SFA/Page_Dataplace SFA/Page_Dataplace SFA/i_Salvar_fa fa-check my-float' is clicked on

2022-01-27 17:00:47 - [MESSAGE][PASSED] - Object: 'Object Repository/Page_Dataplace - SFA/Page_Dataplace - SFA/Page_Dataplace - SFA/Page_Dataplace SFA/Page_Dataplace - SFA/Page_Dataplace SFA/Page_Dataplace SFA/i_Salvar_fa fa-check my-float' is clicked on

2022-01-27 17:00:47 - [TEST_STEP][PASSED] - out.println("cpf válido"): null

2022-01-27 17:00:47 - [TEST_STEP][PASSED] - closeBrowser(): Browser is closed

2022-01-27 17:00:47 - [MESSAGE][PASSED] - Browser is closed]]></system-out>
         <system-err><![CDATA[]]></system-err>
      </testcase>
      <system-out><![CDATA[2022-01-27 17:00:30 - [TEST_SUITE][PASSED] - cpf: Test Cases/TC26- Validacao cpf cliente]]></system-out>
      <system-err><![CDATA[]]></system-err>
   </testsuite>
</testsuites>
