<?xml version="1.0" encoding="UTF-8"?>
<testsuites name="cpf" time="33.31" tests="3" failures="0" errors="0">
   <testsuite name="cpf" tests="3" failures="0" errors="0" time="33.31" skipped="0" timestamp="2022-01-25 14:28:44" hostname="Administrator - 172.16.2.74" id="Test Suites/cpf">
      <properties>
         <property name="deviceName" value=""/>
         <property name="devicePlatform" value=""/>
         <property name="logFolder" value="C:\\Users\\Administrator\\git\\Site-SFA\\Reports\\20220125_142841\\cpf\\20220125_142841"/>
         <property name="logFiles" value="C:\\Users\\Administrator\\git\\Site-SFA\\Reports\\20220125_142841\\cpf\\20220125_142841\\execution0.log"/>
         <property name="attachments" value=""/>
         <property name="hostName" value="Administrator - 172.16.2.74"/>
         <property name="os" value="Windows 10 64bit"/>
         <property name="katalonVersion" value="8.2.5.208"/>
         <property name="browser" value="Chrome 97.0.4692.71"/>
         <property name="hostAddress" value="172.16.2.74"/>
         <property name="sessionId" value="d14d9c0fe66cd5fab3d0477cefef7f46"/>
         <property name="seleniumVersion" value="3.141.59"/>
         <property name="proxyInformation" value="ProxyInformation { proxyOption=NO_PROXY, proxyServerType=HTTP, username=, password=********, proxyServerAddress=, proxyServerPort=0, executionList=&quot;&quot;, isApplyToDesiredCapabilities=true }"/>
         <property name="platform" value="Windows 10"/>
      </properties>
      <testcase name="Test Cases/aa" time="13.441" classname="Test Cases/aa" status="PASSED">
         <system-out><![CDATA[2022-01-25 14:28:44 - [TEST_CASE][PASSED] - Test Cases/aa: Test Cases/aa

2022-01-25 14:28:45 - [TEST_STEP][PASSED] - openBrowser(""): Browser is opened with url: ''

2022-01-25 14:28:45 - [MESSAGE][INFO] - Starting 'Chrome' driver

2022-01-25 14:28:45 - [MESSAGE][INFO] - Action delay is set to 0 milliseconds

2022-01-25 14:28:47 - [MESSAGE][PASSED] - Browser is opened with url: ''

2022-01-25 14:28:47 - [TEST_STEP][PASSED] - navigateToUrl("http://172.16.1.21:7802/pt/account/login?returnUrl=%2Fpedidos"): Navigate to 'http://172.16.1.21:7802/pt/account/login?returnUrl=%2Fpedidos' successfully

2022-01-25 14:28:51 - [MESSAGE][PASSED] - Navigate to 'http://172.16.1.21:7802/pt/account/login?returnUrl=%2Fpedidos' successfully

2022-01-25 14:28:51 - [TEST_STEP][PASSED] - setText(findTestObject("Object Repository/Page_Dataplace - SFA/Page_Dataplace - SFA/Page_Dataplace - SFA/Page_Dataplace - SFA/Page_Dataplace SFA/Page_Dataplace - SFA/input_Nome de usurio ou endereo de email_email"), "mayara.moraes@dataplace.com.br"): Text 'mayara.moraes@dataplace.com.br' is set on object 'Object Repository/Page_Dataplace - SFA/Page_Dataplace - SFA/Page_Dataplace - SFA/Page_Dataplace - SFA/Page_Dataplace SFA/Page_Dataplace - SFA/input_Nome de usurio ou endereo de email_email'

2022-01-25 14:28:52 - [MESSAGE][PASSED] - Text 'mayara.moraes@dataplace.com.br' is set on object 'Object Repository/Page_Dataplace - SFA/Page_Dataplace - SFA/Page_Dataplace - SFA/Page_Dataplace - SFA/Page_Dataplace SFA/Page_Dataplace - SFA/input_Nome de usurio ou endereo de email_email'

2022-01-25 14:28:52 - [TEST_STEP][PASSED] - setEncryptedText(findTestObject("Object Repository/Page_Dataplace - SFA/Page_Dataplace - SFA/Page_Dataplace - SFA/Page_Dataplace - SFA/Page_Dataplace SFA/Page_Dataplace - SFA/input_Senha_senha"), "jBu/h84nUum0DzfFUdyvAQ=="): Text ****** has been set on object 'Object Repository/Page_Dataplace - SFA/Page_Dataplace - SFA/Page_Dataplace - SFA/Page_Dataplace - SFA/Page_Dataplace SFA/Page_Dataplace - SFA/input_Senha_senha'

2022-01-25 14:28:52 - [MESSAGE][PASSED] - Text ****** has been set on object 'Object Repository/Page_Dataplace - SFA/Page_Dataplace - SFA/Page_Dataplace - SFA/Page_Dataplace - SFA/Page_Dataplace SFA/Page_Dataplace - SFA/input_Senha_senha'

2022-01-25 14:28:52 - [TEST_STEP][PASSED] - click(findTestObject("Object Repository/Page_Dataplace - SFA/Page_Dataplace - SFA/Page_Dataplace - SFA/Page_Dataplace - SFA/Page_Dataplace SFA/Page_Dataplace - SFA/div_Login")): Object: 'Object Repository/Page_Dataplace - SFA/Page_Dataplace - SFA/Page_Dataplace - SFA/Page_Dataplace - SFA/Page_Dataplace SFA/Page_Dataplace - SFA/div_Login' is clicked on

2022-01-25 14:28:53 - [MESSAGE][PASSED] - Object: 'Object Repository/Page_Dataplace - SFA/Page_Dataplace - SFA/Page_Dataplace - SFA/Page_Dataplace - SFA/Page_Dataplace SFA/Page_Dataplace - SFA/div_Login' is clicked on

2022-01-25 14:28:53 - [TEST_STEP][PASSED] - click(findTestObject("Object Repository/Page_Dataplace - SFA/Page_Dataplace - SFA/Page_Dataplace - SFA/Page_Dataplace - SFA/Page_Dataplace SFA/Page_Dataplace SFA/div_Clientes")): Object: 'Object Repository/Page_Dataplace - SFA/Page_Dataplace - SFA/Page_Dataplace - SFA/Page_Dataplace - SFA/Page_Dataplace SFA/Page_Dataplace SFA/div_Clientes' is clicked on

2022-01-25 14:28:53 - [MESSAGE][PASSED] - Object: 'Object Repository/Page_Dataplace - SFA/Page_Dataplace - SFA/Page_Dataplace - SFA/Page_Dataplace - SFA/Page_Dataplace SFA/Page_Dataplace SFA/div_Clientes' is clicked on

2022-01-25 14:28:53 - [TEST_STEP][PASSED] - click(findTestObject("Object Repository/Page_Dataplace - SFA/Page_Dataplace - SFA/Page_Dataplace - SFA/Page_Dataplace - SFA/Page_Dataplace SFA/Page_Dataplace SFA/button_Cadastrar cliente_btn btn-secondary btn-sm")): Object: 'Object Repository/Page_Dataplace - SFA/Page_Dataplace - SFA/Page_Dataplace - SFA/Page_Dataplace - SFA/Page_Dataplace SFA/Page_Dataplace SFA/button_Cadastrar cliente_btn btn-secondary btn-sm' is clicked on

2022-01-25 14:28:54 - [MESSAGE][PASSED] - Object: 'Object Repository/Page_Dataplace - SFA/Page_Dataplace - SFA/Page_Dataplace - SFA/Page_Dataplace - SFA/Page_Dataplace SFA/Page_Dataplace SFA/button_Cadastrar cliente_btn btn-secondary btn-sm' is clicked on

2022-01-25 14:28:54 - [TEST_STEP][PASSED] - click(findTestObject("Object Repository/Page_Dataplace - SFA/Page_Dataplace - SFA/Page_Dataplace - SFA/Page_Dataplace - SFA/Page_Dataplace SFA/Page_Dataplace SFA/a_Calebe e Jaqueline")): Object: 'Object Repository/Page_Dataplace - SFA/Page_Dataplace - SFA/Page_Dataplace - SFA/Page_Dataplace - SFA/Page_Dataplace SFA/Page_Dataplace SFA/a_Calebe e Jaqueline' is clicked on

2022-01-25 14:28:55 - [MESSAGE][PASSED] - Object: 'Object Repository/Page_Dataplace - SFA/Page_Dataplace - SFA/Page_Dataplace - SFA/Page_Dataplace - SFA/Page_Dataplace SFA/Page_Dataplace SFA/a_Calebe e Jaqueline' is clicked on

2022-01-25 14:28:55 - [TEST_STEP][PASSED] - click(findTestObject("Object Repository/Page_Dataplace - SFA/Page_Dataplace - SFA/Page_Dataplace - SFA/Page_Dataplace - SFA/Page_Dataplace SFA/Page_Dataplace SFA/div_Editar")): Object: 'Object Repository/Page_Dataplace - SFA/Page_Dataplace - SFA/Page_Dataplace - SFA/Page_Dataplace - SFA/Page_Dataplace SFA/Page_Dataplace SFA/div_Editar' is clicked on

2022-01-25 14:28:55 - [MESSAGE][PASSED] - Object: 'Object Repository/Page_Dataplace - SFA/Page_Dataplace - SFA/Page_Dataplace - SFA/Page_Dataplace - SFA/Page_Dataplace SFA/Page_Dataplace SFA/div_Editar' is clicked on

2022-01-25 14:28:55 - [TEST_STEP][PASSED] - selectOptionByValue(findTestObject("Object Repository/Page_Dataplace - SFA/Page_Dataplace - SFA/Page_Dataplace - SFA/Page_Dataplace - SFA/Page_Dataplace SFA/Page_Dataplace SFA/select_Fsica Jurdica"), "2", true): All options with value '2' are selected in object 'Object Repository/Page_Dataplace - SFA/Page_Dataplace - SFA/Page_Dataplace - SFA/Page_Dataplace - SFA/Page_Dataplace SFA/Page_Dataplace SFA/select_Fsica Jurdica'  using regular expression

2022-01-25 14:28:57 - [MESSAGE][PASSED] - All options with value '2' are selected in object 'Object Repository/Page_Dataplace - SFA/Page_Dataplace - SFA/Page_Dataplace - SFA/Page_Dataplace - SFA/Page_Dataplace SFA/Page_Dataplace SFA/select_Fsica Jurdica'  using regular expression

2022-01-25 14:28:57 - [TEST_STEP][PASSED] - click(findTestObject("Object Repository/Page_Dataplace - SFA/Page_Dataplace - SFA/Page_Dataplace - SFA/Page_Dataplace - SFA/Page_Dataplace SFA/Page_Dataplace SFA/div_SFA - Fora de Vendas  DP INFORMTICA LTD_a6a7a3")): Object: 'Object Repository/Page_Dataplace - SFA/Page_Dataplace - SFA/Page_Dataplace - SFA/Page_Dataplace - SFA/Page_Dataplace SFA/Page_Dataplace SFA/div_SFA - Fora de Vendas  DP INFORMTICA LTD_a6a7a3' is clicked on

2022-01-25 14:28:57 - [MESSAGE][PASSED] - Object: 'Object Repository/Page_Dataplace - SFA/Page_Dataplace - SFA/Page_Dataplace - SFA/Page_Dataplace - SFA/Page_Dataplace SFA/Page_Dataplace SFA/div_SFA - Fora de Vendas  DP INFORMTICA LTD_a6a7a3' is clicked on

2022-01-25 14:28:57 - [TEST_STEP][PASSED] - if (setText(findTestObject("Object Repository/Page_Dataplace - SFA/Page_Dataplace - SFA/Page_Dataplace - SFA/Page_Dataplace - SFA/Page_Dataplace SFA/Page_Dataplace SFA/input_CPF_inscricaoFederal"), cpf) != true): null

2022-01-25 14:28:58 - [MESSAGE][PASSED] - Text '780.944.700-97' is set on object 'Object Repository/Page_Dataplace - SFA/Page_Dataplace - SFA/Page_Dataplace - SFA/Page_Dataplace - SFA/Page_Dataplace SFA/Page_Dataplace SFA/input_CPF_inscricaoFederal'

2022-01-25 14:28:58 - [TEST_STEP][PASSED] - out.println("cpf invÃ¡lido"): null]]></system-out>
         <system-err><![CDATA[]]></system-err>
      </testcase>
      <testcase name="Test Cases/aa" time="9.752" classname="Test Cases/aa" status="PASSED">
         <system-out><![CDATA[2022-01-25 14:28:58 - [TEST_CASE][PASSED] - Test Cases/aa: Test Cases/aa

2022-01-25 14:28:58 - [TEST_STEP][PASSED] - openBrowser(""): Browser is opened with url: ''

2022-01-25 14:28:58 - [MESSAGE][WARNING] - A browser is already opened. Closing browser and opening a new one

2022-01-25 14:28:58 - [MESSAGE][INFO] - Starting 'Chrome' driver

2022-01-25 14:28:58 - [MESSAGE][INFO] - Action delay is set to 0 milliseconds

2022-01-25 14:29:00 - [MESSAGE][PASSED] - Browser is opened with url: ''

2022-01-25 14:29:00 - [TEST_STEP][PASSED] - navigateToUrl("http://172.16.1.21:7802/pt/account/login?returnUrl=%2Fpedidos"): Navigate to 'http://172.16.1.21:7802/pt/account/login?returnUrl=%2Fpedidos' successfully

2022-01-25 14:29:01 - [MESSAGE][PASSED] - Navigate to 'http://172.16.1.21:7802/pt/account/login?returnUrl=%2Fpedidos' successfully

2022-01-25 14:29:01 - [TEST_STEP][PASSED] - setText(findTestObject("Object Repository/Page_Dataplace - SFA/Page_Dataplace - SFA/Page_Dataplace - SFA/Page_Dataplace - SFA/Page_Dataplace SFA/Page_Dataplace - SFA/input_Nome de usurio ou endereo de email_email"), "mayara.moraes@dataplace.com.br"): Text 'mayara.moraes@dataplace.com.br' is set on object 'Object Repository/Page_Dataplace - SFA/Page_Dataplace - SFA/Page_Dataplace - SFA/Page_Dataplace - SFA/Page_Dataplace SFA/Page_Dataplace - SFA/input_Nome de usurio ou endereo de email_email'

2022-01-25 14:29:02 - [MESSAGE][PASSED] - Text 'mayara.moraes@dataplace.com.br' is set on object 'Object Repository/Page_Dataplace - SFA/Page_Dataplace - SFA/Page_Dataplace - SFA/Page_Dataplace - SFA/Page_Dataplace SFA/Page_Dataplace - SFA/input_Nome de usurio ou endereo de email_email'

2022-01-25 14:29:02 - [TEST_STEP][PASSED] - setEncryptedText(findTestObject("Object Repository/Page_Dataplace - SFA/Page_Dataplace - SFA/Page_Dataplace - SFA/Page_Dataplace - SFA/Page_Dataplace SFA/Page_Dataplace - SFA/input_Senha_senha"), "jBu/h84nUum0DzfFUdyvAQ=="): Text ****** has been set on object 'Object Repository/Page_Dataplace - SFA/Page_Dataplace - SFA/Page_Dataplace - SFA/Page_Dataplace - SFA/Page_Dataplace SFA/Page_Dataplace - SFA/input_Senha_senha'

2022-01-25 14:29:02 - [MESSAGE][PASSED] - Text ****** has been set on object 'Object Repository/Page_Dataplace - SFA/Page_Dataplace - SFA/Page_Dataplace - SFA/Page_Dataplace - SFA/Page_Dataplace SFA/Page_Dataplace - SFA/input_Senha_senha'

2022-01-25 14:29:02 - [TEST_STEP][PASSED] - click(findTestObject("Object Repository/Page_Dataplace - SFA/Page_Dataplace - SFA/Page_Dataplace - SFA/Page_Dataplace - SFA/Page_Dataplace SFA/Page_Dataplace - SFA/div_Login")): Object: 'Object Repository/Page_Dataplace - SFA/Page_Dataplace - SFA/Page_Dataplace - SFA/Page_Dataplace - SFA/Page_Dataplace SFA/Page_Dataplace - SFA/div_Login' is clicked on

2022-01-25 14:29:03 - [MESSAGE][PASSED] - Object: 'Object Repository/Page_Dataplace - SFA/Page_Dataplace - SFA/Page_Dataplace - SFA/Page_Dataplace - SFA/Page_Dataplace SFA/Page_Dataplace - SFA/div_Login' is clicked on

2022-01-25 14:29:03 - [TEST_STEP][PASSED] - click(findTestObject("Object Repository/Page_Dataplace - SFA/Page_Dataplace - SFA/Page_Dataplace - SFA/Page_Dataplace - SFA/Page_Dataplace SFA/Page_Dataplace SFA/div_Clientes")): Object: 'Object Repository/Page_Dataplace - SFA/Page_Dataplace - SFA/Page_Dataplace - SFA/Page_Dataplace - SFA/Page_Dataplace SFA/Page_Dataplace SFA/div_Clientes' is clicked on

2022-01-25 14:29:03 - [MESSAGE][PASSED] - Object: 'Object Repository/Page_Dataplace - SFA/Page_Dataplace - SFA/Page_Dataplace - SFA/Page_Dataplace - SFA/Page_Dataplace SFA/Page_Dataplace SFA/div_Clientes' is clicked on

2022-01-25 14:29:03 - [TEST_STEP][PASSED] - click(findTestObject("Object Repository/Page_Dataplace - SFA/Page_Dataplace - SFA/Page_Dataplace - SFA/Page_Dataplace - SFA/Page_Dataplace SFA/Page_Dataplace SFA/button_Cadastrar cliente_btn btn-secondary btn-sm")): Object: 'Object Repository/Page_Dataplace - SFA/Page_Dataplace - SFA/Page_Dataplace - SFA/Page_Dataplace - SFA/Page_Dataplace SFA/Page_Dataplace SFA/button_Cadastrar cliente_btn btn-secondary btn-sm' is clicked on

2022-01-25 14:29:04 - [MESSAGE][PASSED] - Object: 'Object Repository/Page_Dataplace - SFA/Page_Dataplace - SFA/Page_Dataplace - SFA/Page_Dataplace - SFA/Page_Dataplace SFA/Page_Dataplace SFA/button_Cadastrar cliente_btn btn-secondary btn-sm' is clicked on

2022-01-25 14:29:04 - [TEST_STEP][PASSED] - click(findTestObject("Object Repository/Page_Dataplace - SFA/Page_Dataplace - SFA/Page_Dataplace - SFA/Page_Dataplace - SFA/Page_Dataplace SFA/Page_Dataplace SFA/a_Calebe e Jaqueline")): Object: 'Object Repository/Page_Dataplace - SFA/Page_Dataplace - SFA/Page_Dataplace - SFA/Page_Dataplace - SFA/Page_Dataplace SFA/Page_Dataplace SFA/a_Calebe e Jaqueline' is clicked on

2022-01-25 14:29:05 - [MESSAGE][PASSED] - Object: 'Object Repository/Page_Dataplace - SFA/Page_Dataplace - SFA/Page_Dataplace - SFA/Page_Dataplace - SFA/Page_Dataplace SFA/Page_Dataplace SFA/a_Calebe e Jaqueline' is clicked on

2022-01-25 14:29:05 - [TEST_STEP][PASSED] - click(findTestObject("Object Repository/Page_Dataplace - SFA/Page_Dataplace - SFA/Page_Dataplace - SFA/Page_Dataplace - SFA/Page_Dataplace SFA/Page_Dataplace SFA/div_Editar")): Object: 'Object Repository/Page_Dataplace - SFA/Page_Dataplace - SFA/Page_Dataplace - SFA/Page_Dataplace - SFA/Page_Dataplace SFA/Page_Dataplace SFA/div_Editar' is clicked on

2022-01-25 14:29:05 - [MESSAGE][PASSED] - Object: 'Object Repository/Page_Dataplace - SFA/Page_Dataplace - SFA/Page_Dataplace - SFA/Page_Dataplace - SFA/Page_Dataplace SFA/Page_Dataplace SFA/div_Editar' is clicked on

2022-01-25 14:29:05 - [TEST_STEP][PASSED] - selectOptionByValue(findTestObject("Object Repository/Page_Dataplace - SFA/Page_Dataplace - SFA/Page_Dataplace - SFA/Page_Dataplace - SFA/Page_Dataplace SFA/Page_Dataplace SFA/select_Fsica Jurdica"), "2", true): All options with value '2' are selected in object 'Object Repository/Page_Dataplace - SFA/Page_Dataplace - SFA/Page_Dataplace - SFA/Page_Dataplace - SFA/Page_Dataplace SFA/Page_Dataplace SFA/select_Fsica Jurdica'  using regular expression

2022-01-25 14:29:06 - [MESSAGE][PASSED] - All options with value '2' are selected in object 'Object Repository/Page_Dataplace - SFA/Page_Dataplace - SFA/Page_Dataplace - SFA/Page_Dataplace - SFA/Page_Dataplace SFA/Page_Dataplace SFA/select_Fsica Jurdica'  using regular expression

2022-01-25 14:29:06 - [TEST_STEP][PASSED] - click(findTestObject("Object Repository/Page_Dataplace - SFA/Page_Dataplace - SFA/Page_Dataplace - SFA/Page_Dataplace - SFA/Page_Dataplace SFA/Page_Dataplace SFA/div_SFA - Fora de Vendas  DP INFORMTICA LTD_a6a7a3")): Object: 'Object Repository/Page_Dataplace - SFA/Page_Dataplace - SFA/Page_Dataplace - SFA/Page_Dataplace - SFA/Page_Dataplace SFA/Page_Dataplace SFA/div_SFA - Fora de Vendas  DP INFORMTICA LTD_a6a7a3' is clicked on

2022-01-25 14:29:07 - [MESSAGE][PASSED] - Object: 'Object Repository/Page_Dataplace - SFA/Page_Dataplace - SFA/Page_Dataplace - SFA/Page_Dataplace - SFA/Page_Dataplace SFA/Page_Dataplace SFA/div_SFA - Fora de Vendas  DP INFORMTICA LTD_a6a7a3' is clicked on

2022-01-25 14:29:07 - [TEST_STEP][PASSED] - if (setText(findTestObject("Object Repository/Page_Dataplace - SFA/Page_Dataplace - SFA/Page_Dataplace - SFA/Page_Dataplace - SFA/Page_Dataplace SFA/Page_Dataplace SFA/input_CPF_inscricaoFederal"), cpf) != true): null

2022-01-25 14:29:08 - [MESSAGE][PASSED] - Text '195.051.870-17' is set on object 'Object Repository/Page_Dataplace - SFA/Page_Dataplace - SFA/Page_Dataplace - SFA/Page_Dataplace - SFA/Page_Dataplace SFA/Page_Dataplace SFA/input_CPF_inscricaoFederal'

2022-01-25 14:29:08 - [TEST_STEP][PASSED] - out.println("cpf invÃ¡lido"): null]]></system-out>
         <system-err><![CDATA[]]></system-err>
      </testcase>
      <testcase name="Test Cases/aa" time="9.643" classname="Test Cases/aa" status="PASSED">
         <system-out><![CDATA[2022-01-25 14:29:08 - [TEST_CASE][PASSED] - Test Cases/aa: Test Cases/aa

2022-01-25 14:29:08 - [TEST_STEP][PASSED] - openBrowser(""): Browser is opened with url: ''

2022-01-25 14:29:08 - [MESSAGE][WARNING] - A browser is already opened. Closing browser and opening a new one

2022-01-25 14:29:08 - [MESSAGE][INFO] - Starting 'Chrome' driver

2022-01-25 14:29:08 - [MESSAGE][INFO] - Action delay is set to 0 milliseconds

2022-01-25 14:29:09 - [MESSAGE][PASSED] - Browser is opened with url: ''

2022-01-25 14:29:09 - [TEST_STEP][PASSED] - navigateToUrl("http://172.16.1.21:7802/pt/account/login?returnUrl=%2Fpedidos"): Navigate to 'http://172.16.1.21:7802/pt/account/login?returnUrl=%2Fpedidos' successfully

2022-01-25 14:29:10 - [MESSAGE][PASSED] - Navigate to 'http://172.16.1.21:7802/pt/account/login?returnUrl=%2Fpedidos' successfully

2022-01-25 14:29:10 - [TEST_STEP][PASSED] - setText(findTestObject("Object Repository/Page_Dataplace - SFA/Page_Dataplace - SFA/Page_Dataplace - SFA/Page_Dataplace - SFA/Page_Dataplace SFA/Page_Dataplace - SFA/input_Nome de usurio ou endereo de email_email"), "mayara.moraes@dataplace.com.br"): Text 'mayara.moraes@dataplace.com.br' is set on object 'Object Repository/Page_Dataplace - SFA/Page_Dataplace - SFA/Page_Dataplace - SFA/Page_Dataplace - SFA/Page_Dataplace SFA/Page_Dataplace - SFA/input_Nome de usurio ou endereo de email_email'

2022-01-25 14:29:11 - [MESSAGE][PASSED] - Text 'mayara.moraes@dataplace.com.br' is set on object 'Object Repository/Page_Dataplace - SFA/Page_Dataplace - SFA/Page_Dataplace - SFA/Page_Dataplace - SFA/Page_Dataplace SFA/Page_Dataplace - SFA/input_Nome de usurio ou endereo de email_email'

2022-01-25 14:29:11 - [TEST_STEP][PASSED] - setEncryptedText(findTestObject("Object Repository/Page_Dataplace - SFA/Page_Dataplace - SFA/Page_Dataplace - SFA/Page_Dataplace - SFA/Page_Dataplace SFA/Page_Dataplace - SFA/input_Senha_senha"), "jBu/h84nUum0DzfFUdyvAQ=="): Text ****** has been set on object 'Object Repository/Page_Dataplace - SFA/Page_Dataplace - SFA/Page_Dataplace - SFA/Page_Dataplace - SFA/Page_Dataplace SFA/Page_Dataplace - SFA/input_Senha_senha'

2022-01-25 14:29:12 - [MESSAGE][PASSED] - Text ****** has been set on object 'Object Repository/Page_Dataplace - SFA/Page_Dataplace - SFA/Page_Dataplace - SFA/Page_Dataplace - SFA/Page_Dataplace SFA/Page_Dataplace - SFA/input_Senha_senha'

2022-01-25 14:29:12 - [TEST_STEP][PASSED] - click(findTestObject("Object Repository/Page_Dataplace - SFA/Page_Dataplace - SFA/Page_Dataplace - SFA/Page_Dataplace - SFA/Page_Dataplace SFA/Page_Dataplace - SFA/div_Login")): Object: 'Object Repository/Page_Dataplace - SFA/Page_Dataplace - SFA/Page_Dataplace - SFA/Page_Dataplace - SFA/Page_Dataplace SFA/Page_Dataplace - SFA/div_Login' is clicked on

2022-01-25 14:29:12 - [MESSAGE][PASSED] - Object: 'Object Repository/Page_Dataplace - SFA/Page_Dataplace - SFA/Page_Dataplace - SFA/Page_Dataplace - SFA/Page_Dataplace SFA/Page_Dataplace - SFA/div_Login' is clicked on

2022-01-25 14:29:12 - [TEST_STEP][PASSED] - click(findTestObject("Object Repository/Page_Dataplace - SFA/Page_Dataplace - SFA/Page_Dataplace - SFA/Page_Dataplace - SFA/Page_Dataplace SFA/Page_Dataplace SFA/div_Clientes")): Object: 'Object Repository/Page_Dataplace - SFA/Page_Dataplace - SFA/Page_Dataplace - SFA/Page_Dataplace - SFA/Page_Dataplace SFA/Page_Dataplace SFA/div_Clientes' is clicked on

2022-01-25 14:29:13 - [MESSAGE][PASSED] - Object: 'Object Repository/Page_Dataplace - SFA/Page_Dataplace - SFA/Page_Dataplace - SFA/Page_Dataplace - SFA/Page_Dataplace SFA/Page_Dataplace SFA/div_Clientes' is clicked on

2022-01-25 14:29:13 - [TEST_STEP][PASSED] - click(findTestObject("Object Repository/Page_Dataplace - SFA/Page_Dataplace - SFA/Page_Dataplace - SFA/Page_Dataplace - SFA/Page_Dataplace SFA/Page_Dataplace SFA/button_Cadastrar cliente_btn btn-secondary btn-sm")): Object: 'Object Repository/Page_Dataplace - SFA/Page_Dataplace - SFA/Page_Dataplace - SFA/Page_Dataplace - SFA/Page_Dataplace SFA/Page_Dataplace SFA/button_Cadastrar cliente_btn btn-secondary btn-sm' is clicked on

2022-01-25 14:29:14 - [MESSAGE][PASSED] - Object: 'Object Repository/Page_Dataplace - SFA/Page_Dataplace - SFA/Page_Dataplace - SFA/Page_Dataplace - SFA/Page_Dataplace SFA/Page_Dataplace SFA/button_Cadastrar cliente_btn btn-secondary btn-sm' is clicked on

2022-01-25 14:29:14 - [TEST_STEP][PASSED] - click(findTestObject("Object Repository/Page_Dataplace - SFA/Page_Dataplace - SFA/Page_Dataplace - SFA/Page_Dataplace - SFA/Page_Dataplace SFA/Page_Dataplace SFA/a_Calebe e Jaqueline")): Object: 'Object Repository/Page_Dataplace - SFA/Page_Dataplace - SFA/Page_Dataplace - SFA/Page_Dataplace - SFA/Page_Dataplace SFA/Page_Dataplace SFA/a_Calebe e Jaqueline' is clicked on

2022-01-25 14:29:14 - [MESSAGE][PASSED] - Object: 'Object Repository/Page_Dataplace - SFA/Page_Dataplace - SFA/Page_Dataplace - SFA/Page_Dataplace - SFA/Page_Dataplace SFA/Page_Dataplace SFA/a_Calebe e Jaqueline' is clicked on

2022-01-25 14:29:14 - [TEST_STEP][PASSED] - click(findTestObject("Object Repository/Page_Dataplace - SFA/Page_Dataplace - SFA/Page_Dataplace - SFA/Page_Dataplace - SFA/Page_Dataplace SFA/Page_Dataplace SFA/div_Editar")): Object: 'Object Repository/Page_Dataplace - SFA/Page_Dataplace - SFA/Page_Dataplace - SFA/Page_Dataplace - SFA/Page_Dataplace SFA/Page_Dataplace SFA/div_Editar' is clicked on

2022-01-25 14:29:15 - [MESSAGE][PASSED] - Object: 'Object Repository/Page_Dataplace - SFA/Page_Dataplace - SFA/Page_Dataplace - SFA/Page_Dataplace - SFA/Page_Dataplace SFA/Page_Dataplace SFA/div_Editar' is clicked on

2022-01-25 14:29:15 - [TEST_STEP][PASSED] - selectOptionByValue(findTestObject("Object Repository/Page_Dataplace - SFA/Page_Dataplace - SFA/Page_Dataplace - SFA/Page_Dataplace - SFA/Page_Dataplace SFA/Page_Dataplace SFA/select_Fsica Jurdica"), "2", true): All options with value '2' are selected in object 'Object Repository/Page_Dataplace - SFA/Page_Dataplace - SFA/Page_Dataplace - SFA/Page_Dataplace - SFA/Page_Dataplace SFA/Page_Dataplace SFA/select_Fsica Jurdica'  using regular expression

2022-01-25 14:29:16 - [MESSAGE][PASSED] - All options with value '2' are selected in object 'Object Repository/Page_Dataplace - SFA/Page_Dataplace - SFA/Page_Dataplace - SFA/Page_Dataplace - SFA/Page_Dataplace SFA/Page_Dataplace SFA/select_Fsica Jurdica'  using regular expression

2022-01-25 14:29:16 - [TEST_STEP][PASSED] - click(findTestObject("Object Repository/Page_Dataplace - SFA/Page_Dataplace - SFA/Page_Dataplace - SFA/Page_Dataplace - SFA/Page_Dataplace SFA/Page_Dataplace SFA/div_SFA - Fora de Vendas  DP INFORMTICA LTD_a6a7a3")): Object: 'Object Repository/Page_Dataplace - SFA/Page_Dataplace - SFA/Page_Dataplace - SFA/Page_Dataplace - SFA/Page_Dataplace SFA/Page_Dataplace SFA/div_SFA - Fora de Vendas  DP INFORMTICA LTD_a6a7a3' is clicked on

2022-01-25 14:29:16 - [MESSAGE][PASSED] - Object: 'Object Repository/Page_Dataplace - SFA/Page_Dataplace - SFA/Page_Dataplace - SFA/Page_Dataplace - SFA/Page_Dataplace SFA/Page_Dataplace SFA/div_SFA - Fora de Vendas  DP INFORMTICA LTD_a6a7a3' is clicked on

2022-01-25 14:29:16 - [TEST_STEP][PASSED] - if (setText(findTestObject("Object Repository/Page_Dataplace - SFA/Page_Dataplace - SFA/Page_Dataplace - SFA/Page_Dataplace - SFA/Page_Dataplace SFA/Page_Dataplace SFA/input_CPF_inscricaoFederal"), cpf) != true): null

2022-01-25 14:29:17 - [MESSAGE][PASSED] - Text '88888888888' is set on object 'Object Repository/Page_Dataplace - SFA/Page_Dataplace - SFA/Page_Dataplace - SFA/Page_Dataplace - SFA/Page_Dataplace SFA/Page_Dataplace SFA/input_CPF_inscricaoFederal'

2022-01-25 14:29:17 - [TEST_STEP][PASSED] - out.println("cpf invÃ¡lido"): null]]></system-out>
         <system-err><![CDATA[]]></system-err>
      </testcase>
      <system-out><![CDATA[2022-01-25 14:28:44 - [TEST_SUITE][PASSED] - cpf: Test Cases/aa]]></system-out>
      <system-err><![CDATA[]]></system-err>
   </testsuite>
</testsuites>
